<?xml version="1.0" encoding="UTF-8"?>
<!-- Generated by org.testng.reporters.JUnitXMLReporter -->
<testsuite ignored="0" hostname="MacBook-Pro-Natalie.local" failures="5" tests="5" name="Login_Negative scenarios" time="0.031" errors="0" timestamp="26 лип. 2019 19:04:03 GMT">
  <testcase classname="tests.LoginTestNegative_1" name="testUserIsNotAbleToLoginWithoutUsernameAndPassword" time="0.005">
    <failure type="java.lang.IllegalStateException" message="You cannot  start the site on macOS">
      <![CDATA[java.lang.IllegalStateException: You cannot  start the site on macOS
at tests.GenericTest.getBrowser(GenericTest.java:69)
at tests.GenericTest.getDriver(GenericTest.java:110)
at tests.GenericTest.openLoginPage(GenericTest.java:119)
at tests.LoginTestNegative_1.testUserIsNotAbleToLoginWithoutUsernameAndPassword(LoginTestNegative_1.java:39)
at java.base/java.util.concurrent.FutureTask.run(FutureTask.java:264)
at java.base/java.util.concurrent.ThreadPoolExecutor.runWorker(ThreadPoolExecutor.java:1128)
at java.base/java.util.concurrent.ThreadPoolExecutor$Worker.run(ThreadPoolExecutor.java:628)
at java.base/java.lang.Thread.run(Thread.java:834)
... Removed 16 stack frames]]>
    </failure>
  </testcase> <!-- testUserIsNotAbleToLoginWithoutUsernameAndPassword -->
  <testcase classname="tests.LoginTestNegative_2" name="testUserIsNotAbleToLoginWithoutPassword" time="0.0">
    <failure type="java.lang.IllegalStateException" message="You cannot  start the site on macOS">
      <![CDATA[java.lang.IllegalStateException: You cannot  start the site on macOS
at tests.GenericTest.getBrowser(GenericTest.java:69)
at tests.GenericTest.getDriver(GenericTest.java:110)
at tests.GenericTest.openLoginPage(GenericTest.java:119)
at tests.LoginTestNegative_2.testUserIsNotAbleToLoginWithoutPassword(LoginTestNegative_2.java:43)
at java.base/java.util.concurrent.FutureTask.run(FutureTask.java:264)
at java.base/java.util.concurrent.ThreadPoolExecutor.runWorker(ThreadPoolExecutor.java:1128)
at java.base/java.util.concurrent.ThreadPoolExecutor$Worker.run(ThreadPoolExecutor.java:628)
at java.base/java.lang.Thread.run(Thread.java:834)
... Removed 16 stack frames]]>
    </failure>
  </testcase> <!-- testUserIsNotAbleToLoginWithoutPassword -->
  <testcase classname="tests.LoginTestNegative_3" name="testUserIsNotAbleToLoginWithoutUsername" time="0.0">
    <failure type="java.lang.IllegalStateException" message="You cannot  start the site on macOS">
      <![CDATA[java.lang.IllegalStateException: You cannot  start the site on macOS
at tests.GenericTest.getBrowser(GenericTest.java:69)
at tests.GenericTest.getDriver(GenericTest.java:110)
at tests.GenericTest.openLoginPage(GenericTest.java:119)
at tests.LoginTestNegative_3.testUserIsNotAbleToLoginWithoutUsername(LoginTestNegative_3.java:43)
at java.base/java.util.concurrent.FutureTask.run(FutureTask.java:264)
at java.base/java.util.concurrent.ThreadPoolExecutor.runWorker(ThreadPoolExecutor.java:1128)
at java.base/java.util.concurrent.ThreadPoolExecutor$Worker.run(ThreadPoolExecutor.java:628)
at java.base/java.lang.Thread.run(Thread.java:834)
... Removed 16 stack frames]]>
    </failure>
  </testcase> <!-- testUserIsNotAbleToLoginWithoutUsername -->
  <testcase classname="tests.LoginTestNegative_4" name="testLockedUserIsNotAbleToLogin" time="0.0">
    <failure type="java.lang.IllegalStateException" message="You cannot  start the site on macOS">
      <![CDATA[java.lang.IllegalStateException: You cannot  start the site on macOS
at tests.GenericTest.getBrowser(GenericTest.java:69)
at tests.GenericTest.getDriver(GenericTest.java:110)
at tests.GenericTest.openLoginPage(GenericTest.java:119)
at tests.LoginTestNegative_4.testLockedUserIsNotAbleToLogin(LoginTestNegative_4.java:43)
at java.base/java.util.concurrent.FutureTask.run(FutureTask.java:264)
at java.base/java.util.concurrent.ThreadPoolExecutor.runWorker(ThreadPoolExecutor.java:1128)
at java.base/java.util.concurrent.ThreadPoolExecutor$Worker.run(ThreadPoolExecutor.java:628)
at java.base/java.lang.Thread.run(Thread.java:834)
... Removed 16 stack frames]]>
    </failure>
  </testcase> <!-- testLockedUserIsNotAbleToLogin -->
  <testcase classname="tests.LoginTestNegative_5" name="testUserIsNotAbleToLoginIntoAppWithWrongCredentials" time="0.0">
    <failure type="java.lang.IllegalStateException" message="You cannot  start the site on macOS">
      <![CDATA[java.lang.IllegalStateException: You cannot  start the site on macOS
at tests.GenericTest.getBrowser(GenericTest.java:69)
at tests.GenericTest.getDriver(GenericTest.java:110)
at tests.GenericTest.openLoginPage(GenericTest.java:119)
at tests.LoginTestNegative_5.testUserIsNotAbleToLoginIntoAppWithWrongCredentials(LoginTestNegative_5.java:46)
at java.base/java.util.concurrent.FutureTask.run(FutureTask.java:264)
at java.base/java.util.concurrent.ThreadPoolExecutor.runWorker(ThreadPoolExecutor.java:1128)
at java.base/java.util.concurrent.ThreadPoolExecutor$Worker.run(ThreadPoolExecutor.java:628)
at java.base/java.lang.Thread.run(Thread.java:834)
... Removed 16 stack frames]]>
    </failure>
  </testcase> <!-- testUserIsNotAbleToLoginIntoAppWithWrongCredentials -->
</testsuite> <!-- Login_Negative scenarios -->
