<?xml version="1.0" encoding="UTF-8"?>
<!-- Generated by org.testng.reporters.JUnitXMLReporter -->
<testsuite ignored="0" hostname="MacBook-Pro-Natalie.local" failures="0" tests="5" name="Login_Negative scenarios" time="9.939" errors="0" timestamp="02 серп. 2019 19:24:34 GMT">
  <testcase classname="tests.LoginTestNegative_1" name="testUserIsNotAbleToLoginWithoutUsernameAndPassword" time="1.365"/>
  <testcase classname="tests.LoginTestNegative_2" name="testUserIsNotAbleToLoginWithoutPassword" time="1.505"/>
  <testcase classname="tests.LoginTestNegative_3" name="testUserIsNotAbleToLoginWithoutUsername" time="1.473"/>
  <testcase classname="tests.LoginTestNegative_4" name="testLockedUserIsNotAbleToLogin" time="1.429"/>
  <testcase classname="tests.LoginTestNegative_5" name="testUserIsNotAbleToLoginIntoAppWithWrongCredentials" time="1.462"/>
</testsuite> <!-- Login_Negative scenarios -->
