<?xml version="1.0" encoding="UTF-8"?>
<!-- Generated by org.testng.reporters.JUnitXMLReporter -->
<testsuite ignored="0" hostname="MacBook-Pro-Natalie.local" failures="1" tests="1" name="Success Login" time="0.028" errors="0" timestamp="26 лип. 2019 19:04:03 GMT">
  <testcase classname="tests.LoginTest" name="testUserIsAbleToLoginIntoApp" time="0.005">
    <failure type="java.lang.IllegalStateException" message="You cannot  start the site on macOS">
      <![CDATA[java.lang.IllegalStateException: You cannot  start the site on macOS
at tests.GenericTest.getBrowser(GenericTest.java:69)
at tests.GenericTest.getDriver(GenericTest.java:110)
at tests.GenericTest.openLoginPage(GenericTest.java:119)
at tests.LoginTest.testUserIsAbleToLoginIntoApp(LoginTest.java:38)
at java.base/java.util.concurrent.FutureTask.run(FutureTask.java:264)
at java.base/java.util.concurrent.ThreadPoolExecutor.runWorker(ThreadPoolExecutor.java:1128)
at java.base/java.util.concurrent.ThreadPoolExecutor$Worker.run(ThreadPoolExecutor.java:628)
at java.base/java.lang.Thread.run(Thread.java:834)
... Removed 16 stack frames]]>
    </failure>
  </testcase> <!-- testUserIsAbleToLoginIntoApp -->
</testsuite> <!-- Success Login -->
