<?xml version="1.0" encoding="UTF-8"?>
<!-- Generated by org.testng.reporters.JUnitXMLReporter -->
<testsuite ignored="0" hostname="MacBook-Pro-Natalie.local" failures="0" tests="3" name="Checkout" time="29.369" errors="0" timestamp="11 серп. 2019 10:07:52 GMT">
  <testcase classname="tests.CheckoutWithOneProduct" name="testUserIsAbleToPlaceOrderWithOneProduct" time="10.446"/>
  <testcase classname="tests.CheckoutWithThreeProducts" name="testUserIsAbleToPlaceOrderWithThreeProducts" time="7.407"/>
  <testcase classname="tests.CheckoutFieldsValidation" name="validationCheckoutFields" time="9.836"/>
</testsuite> <!-- Checkout -->
