<?xml version="1.0" encoding="UTF-8"?>
<!-- Generated by org.testng.reporters.JUnitXMLReporter -->
<testsuite ignored="0" hostname="MacBook-Pro-Natalie.local" failures="0" tests="3" name="Checkout" time="22.15" errors="0" timestamp="09 серп. 2019 22:33:57 GMT">
  <testcase classname="tests.CheckoutWithOneProduct" name="testUserIsAbleToPlaceOrderWithOneProduct" time="6.215"/>
  <testcase classname="tests.CheckoutWithThreeProducts" name="testUserIsAbleToPlaceOrderWithThreeProducts" time="6.054"/>
  <testcase classname="tests.CheckoutFieldsValidation" name="validationCheckoutFields" time="8.126"/>
</testsuite> <!-- Checkout -->
