<?xml version="1.0" encoding="UTF-8"?>
<!-- Generated by org.testng.reporters.JUnitXMLReporter -->
<testsuite ignored="0" hostname="MacBook-Pro-Natalie.local" failures="0" tests="5" name="Login_Negative scenarios" time="16.934" errors="0" timestamp="05 серп. 2019 09:52:01 GMT">
  <testcase classname="tests.LoginTestNegative_1" name="testUserIsNotAbleToLoginWithoutUsernameAndPassword" time="3.496"/>
  <testcase classname="tests.LoginTestNegative_2" name="testUserIsNotAbleToLoginWithoutPassword" time="2.903"/>
  <testcase classname="tests.LoginTestNegative_3" name="testUserIsNotAbleToLoginWithoutUsername" time="2.395"/>
  <testcase classname="tests.LoginTestNegative_4" name="testLockedUserIsNotAbleToLogin" time="2.418"/>
  <testcase classname="tests.LoginTestNegative_5" name="testUserIsNotAbleToLoginIntoAppWithWrongCredentials" time="2.493"/>
</testsuite> <!-- Login_Negative scenarios -->
