<?xml version="1.0" encoding="UTF-8"?>
<!-- Generated by org.testng.reporters.JUnitXMLReporter -->
<testsuite ignored="0" hostname="MacBook-Pro-Natalie.local" failures="0" tests="4" name="Sorting Products" time="23.404" errors="0" timestamp="09 серп. 2019 22:34:20 GMT">
  <testcase classname="tests.SortByNamesAsc" name="testProductsAreSortedByAsc" time="5.438"/>
  <testcase classname="tests.SortByNamesDesc" name="testProductsAreSortedByAsc" time="5.086"/>
  <testcase classname="tests.SortByPriceAsc" name="testSortByPriceAsc" time="5.074"/>
  <testcase classname="tests.SortByPriceDesc" name="testSortByPriceAsc" time="4.935"/>
</testsuite> <!-- Sorting Products -->
