<?xml version="1.0" encoding="UTF-8"?>
<!-- Generated by org.testng.reporters.JUnitXMLReporter -->
<testsuite ignored="0" hostname="MacBook-Pro-Natalie.local" failures="0" tests="4" name="Sorting Products" time="18.244" errors="0" timestamp="05 серп. 2019 09:52:20 GMT">
  <testcase classname="tests.SortByNamesAsc" name="testProductsAreSortedByAsc" time="3.803"/>
  <testcase classname="tests.SortByNamesDesc" name="testProductsAreSortedByAsc" time="3.823"/>
  <testcase classname="tests.SortByPriceAsc" name="testSortByPriceAsc" time="3.66"/>
  <testcase classname="tests.SortByPriceDesc" name="testSortByPriceAsc" time="3.877"/>
</testsuite> <!-- Sorting Products -->
