<?xml version="1.0" encoding="UTF-8"?>
<testng-results ignored="0" total="17" passed="17" failed="0" skipped="0">
  <reporter-output>
  </reporter-output>
  <suite started-at="2019-08-11T10:06:00Z" name="smoke" finished-at="2019-08-11T10:08:35Z" duration-ms="154917">
    <groups>
    </groups>
    <test started-at="2019-08-11T10:06:00Z" name="Success Login" finished-at="2019-08-11T10:06:13Z" duration-ms="12113">
      <class name="tests.LoginTest">
        <test-method signature="testUserIsAbleToLoginIntoApp()[pri:0, instance:tests.LoginTest@749f539e]" started-at="2019-08-11T10:06:01Z" name="testUserIsAbleToLoginIntoApp" finished-at="2019-08-11T10:06:12Z" duration-ms="11257" status="PASS">
          <reporter-output>
          </reporter-output>
        </test-method> <!-- testUserIsAbleToLoginIntoApp -->
        <test-method is-config="true" signature="attachScreenshot()[pri:0, instance:tests.LoginTest@749f539e]" started-at="2019-08-11T10:06:12Z" name="attachScreenshot" finished-at="2019-08-11T10:06:13Z" duration-ms="671" status="PASS">
          <reporter-output>
          </reporter-output>
        </test-method> <!-- attachScreenshot -->
        <test-method is-config="true" signature="closeApp()[pri:0, instance:tests.LoginTest@749f539e]" started-at="2019-08-11T10:06:13Z" name="closeApp" finished-at="2019-08-11T10:06:13Z" duration-ms="81" status="PASS">
          <reporter-output>
          </reporter-output>
        </test-method> <!-- closeApp -->
      </class> <!-- tests.LoginTest -->
    </test> <!-- Success Login -->
    <test started-at="2019-08-11T10:06:13Z" name="Login_Negative scenarios" finished-at="2019-08-11T10:06:31Z" duration-ms="18112">
      <class name="tests.LoginTestNegative_2">
        <test-method signature="testUserIsNotAbleToLoginWithoutPassword()[pri:0, instance:tests.LoginTestNegative_2@31fc71ab]" started-at="2019-08-11T10:06:17Z" name="testUserIsNotAbleToLoginWithoutPassword" finished-at="2019-08-11T10:06:19Z" duration-ms="2676" status="PASS">
          <reporter-output>
          </reporter-output>
        </test-method> <!-- testUserIsNotAbleToLoginWithoutPassword -->
        <test-method is-config="true" signature="attachScreenshot()[pri:0, instance:tests.LoginTestNegative_2@31fc71ab]" started-at="2019-08-11T10:06:19Z" name="attachScreenshot" finished-at="2019-08-11T10:06:20Z" duration-ms="458" status="PASS">
          <reporter-output>
          </reporter-output>
        </test-method> <!-- attachScreenshot -->
        <test-method is-config="true" signature="closeApp()[pri:0, instance:tests.LoginTestNegative_2@31fc71ab]" started-at="2019-08-11T10:06:20Z" name="closeApp" finished-at="2019-08-11T10:06:20Z" duration-ms="85" status="PASS">
          <reporter-output>
          </reporter-output>
        </test-method> <!-- closeApp -->
      </class> <!-- tests.LoginTestNegative_2 -->
      <class name="tests.LoginTestNegative_3">
        <test-method signature="testUserIsNotAbleToLoginWithoutUsername()[pri:0, instance:tests.LoginTestNegative_3@71391b3f]" started-at="2019-08-11T10:06:20Z" name="testUserIsNotAbleToLoginWithoutUsername" finished-at="2019-08-11T10:06:23Z" duration-ms="2791" status="PASS">
          <reporter-output>
          </reporter-output>
        </test-method> <!-- testUserIsNotAbleToLoginWithoutUsername -->
        <test-method is-config="true" signature="attachScreenshot()[pri:0, instance:tests.LoginTestNegative_3@71391b3f]" started-at="2019-08-11T10:06:23Z" name="attachScreenshot" finished-at="2019-08-11T10:06:23Z" duration-ms="449" status="PASS">
          <reporter-output>
          </reporter-output>
        </test-method> <!-- attachScreenshot -->
        <test-method is-config="true" signature="closeApp()[pri:0, instance:tests.LoginTestNegative_3@71391b3f]" started-at="2019-08-11T10:06:23Z" name="closeApp" finished-at="2019-08-11T10:06:23Z" duration-ms="83" status="PASS">
          <reporter-output>
          </reporter-output>
        </test-method> <!-- closeApp -->
      </class> <!-- tests.LoginTestNegative_3 -->
      <class name="tests.LoginTestNegative_1">
        <test-method signature="testUserIsNotAbleToLoginWithoutUsernameAndPassword()[pri:0, instance:tests.LoginTestNegative_1@6fca2a8f]" started-at="2019-08-11T10:06:13Z" name="testUserIsNotAbleToLoginWithoutUsernameAndPassword" finished-at="2019-08-11T10:06:16Z" duration-ms="3487" status="PASS">
          <reporter-output>
          </reporter-output>
        </test-method> <!-- testUserIsNotAbleToLoginWithoutUsernameAndPassword -->
        <test-method is-config="true" signature="attachScreenshot()[pri:0, instance:tests.LoginTestNegative_1@6fca2a8f]" started-at="2019-08-11T10:06:16Z" name="attachScreenshot" finished-at="2019-08-11T10:06:17Z" duration-ms="446" status="PASS">
          <reporter-output>
          </reporter-output>
        </test-method> <!-- attachScreenshot -->
        <test-method is-config="true" signature="closeApp()[pri:0, instance:tests.LoginTestNegative_1@6fca2a8f]" started-at="2019-08-11T10:06:17Z" name="closeApp" finished-at="2019-08-11T10:06:17Z" duration-ms="83" status="PASS">
          <reporter-output>
          </reporter-output>
        </test-method> <!-- closeApp -->
      </class> <!-- tests.LoginTestNegative_1 -->
      <class name="tests.LoginTestNegative_4">
        <test-method signature="testLockedUserIsNotAbleToLogin()[pri:0, instance:tests.LoginTestNegative_4@2cfbeac4]" started-at="2019-08-11T10:06:23Z" name="testLockedUserIsNotAbleToLogin" finished-at="2019-08-11T10:06:27Z" duration-ms="3617" status="PASS">
          <reporter-output>
          </reporter-output>
        </test-method> <!-- testLockedUserIsNotAbleToLogin -->
        <test-method is-config="true" signature="attachScreenshot()[pri:0, instance:tests.LoginTestNegative_4@2cfbeac4]" started-at="2019-08-11T10:06:27Z" name="attachScreenshot" finished-at="2019-08-11T10:06:27Z" duration-ms="446" status="PASS">
          <reporter-output>
          </reporter-output>
        </test-method> <!-- attachScreenshot -->
        <test-method is-config="true" signature="closeApp()[pri:0, instance:tests.LoginTestNegative_4@2cfbeac4]" started-at="2019-08-11T10:06:27Z" name="closeApp" finished-at="2019-08-11T10:06:27Z" duration-ms="81" status="PASS">
          <reporter-output>
          </reporter-output>
        </test-method> <!-- closeApp -->
      </class> <!-- tests.LoginTestNegative_4 -->
      <class name="tests.LoginTestNegative_5">
        <test-method signature="testUserIsNotAbleToLoginIntoAppWithWrongCredentials()[pri:0, instance:tests.LoginTestNegative_5@12db3386]" started-at="2019-08-11T10:06:27Z" name="testUserIsNotAbleToLoginIntoAppWithWrongCredentials" finished-at="2019-08-11T10:06:30Z" duration-ms="2821" status="PASS">
          <reporter-output>
          </reporter-output>
        </test-method> <!-- testUserIsNotAbleToLoginIntoAppWithWrongCredentials -->
        <test-method is-config="true" signature="attachScreenshot()[pri:0, instance:tests.LoginTestNegative_5@12db3386]" started-at="2019-08-11T10:06:30Z" name="attachScreenshot" finished-at="2019-08-11T10:06:31Z" duration-ms="454" status="PASS">
          <reporter-output>
          </reporter-output>
        </test-method> <!-- attachScreenshot -->
        <test-method is-config="true" signature="closeApp()[pri:0, instance:tests.LoginTestNegative_5@12db3386]" started-at="2019-08-11T10:06:31Z" name="closeApp" finished-at="2019-08-11T10:06:31Z" duration-ms="87" status="PASS">
          <reporter-output>
          </reporter-output>
        </test-method> <!-- closeApp -->
      </class> <!-- tests.LoginTestNegative_5 -->
    </test> <!-- Login_Negative scenarios -->
    <test started-at="2019-08-11T10:06:31Z" name="Logout" finished-at="2019-08-11T10:06:43Z" duration-ms="12125">
      <class name="tests.LogOutTest">
        <test-method signature="testUserIsAbleToLogOutFromTheApp()[pri:0, instance:tests.LogOutTest@198ef2ce]" started-at="2019-08-11T10:06:31Z" name="testUserIsAbleToLogOutFromTheApp" finished-at="2019-08-11T10:06:42Z" duration-ms="11596" status="PASS">
          <reporter-output>
          </reporter-output>
        </test-method> <!-- testUserIsAbleToLogOutFromTheApp -->
        <test-method is-config="true" signature="attachScreenshot()[pri:0, instance:tests.LogOutTest@198ef2ce]" started-at="2019-08-11T10:06:42Z" name="attachScreenshot" finished-at="2019-08-11T10:06:43Z" duration-ms="442" status="PASS">
          <reporter-output>
          </reporter-output>
        </test-method> <!-- attachScreenshot -->
        <test-method is-config="true" signature="closeApp()[pri:0, instance:tests.LogOutTest@198ef2ce]" started-at="2019-08-11T10:06:43Z" name="closeApp" finished-at="2019-08-11T10:06:43Z" duration-ms="86" status="PASS">
          <reporter-output>
          </reporter-output>
        </test-method> <!-- closeApp -->
      </class> <!-- tests.LogOutTest -->
    </test> <!-- Logout -->
    <test started-at="2019-08-11T10:06:43Z" name="Adding products to the Cart" finished-at="2019-08-11T10:06:49Z" duration-ms="6578">
      <class name="tests.AddProductToTheCart">
        <test-method signature="testUserIsAbleToAddProductToCart()[pri:0, instance:tests.AddProductToTheCart@6f8e0cee]" started-at="2019-08-11T10:06:43Z" name="testUserIsAbleToAddProductToCart" finished-at="2019-08-11T10:06:49Z" duration-ms="6037" status="PASS">
          <reporter-output>
          </reporter-output>
        </test-method> <!-- testUserIsAbleToAddProductToCart -->
        <test-method is-config="true" signature="attachScreenshot()[pri:0, instance:tests.AddProductToTheCart@6f8e0cee]" started-at="2019-08-11T10:06:49Z" name="attachScreenshot" finished-at="2019-08-11T10:06:49Z" duration-ms="455" status="PASS">
          <reporter-output>
          </reporter-output>
        </test-method> <!-- attachScreenshot -->
        <test-method is-config="true" signature="closeApp()[pri:0, instance:tests.AddProductToTheCart@6f8e0cee]" started-at="2019-08-11T10:06:49Z" name="closeApp" finished-at="2019-08-11T10:06:49Z" duration-ms="83" status="PASS">
          <reporter-output>
          </reporter-output>
        </test-method> <!-- closeApp -->
      </class> <!-- tests.AddProductToTheCart -->
    </test> <!-- Adding products to the Cart -->
    <test started-at="2019-08-11T10:06:49Z" name="Removing products from Cart" finished-at="2019-08-11T10:07:23Z" duration-ms="33458">
      <class name="tests.RemoveItemsFromCart">
        <test-method signature="testUserIsAbleToRemoveProductsFromToCart()[pri:0, instance:tests.RemoveItemsFromCart@7dd00705]" started-at="2019-08-11T10:06:49Z" name="testUserIsAbleToRemoveProductsFromToCart" finished-at="2019-08-11T10:07:18Z" duration-ms="28232" status="PASS">
          <reporter-output>
          </reporter-output>
        </test-method> <!-- testUserIsAbleToRemoveProductsFromToCart -->
        <test-method is-config="true" signature="attachScreenshot()[pri:0, instance:tests.RemoveItemsFromCart@7dd00705]" started-at="2019-08-11T10:07:18Z" name="attachScreenshot" finished-at="2019-08-11T10:07:23Z" duration-ms="5135" status="PASS">
          <reporter-output>
          </reporter-output>
        </test-method> <!-- attachScreenshot -->
        <test-method is-config="true" signature="closeApp()[pri:0, instance:tests.RemoveItemsFromCart@7dd00705]" started-at="2019-08-11T10:07:23Z" name="closeApp" finished-at="2019-08-11T10:07:23Z" duration-ms="89" status="PASS">
          <reporter-output>
          </reporter-output>
        </test-method> <!-- closeApp -->
      </class> <!-- tests.RemoveItemsFromCart -->
    </test> <!-- Removing products from Cart -->
    <test started-at="2019-08-11T10:07:23Z" name="Checkout" finished-at="2019-08-11T10:07:52Z" duration-ms="29369">
      <class name="tests.CheckoutFieldsValidation">
        <test-method signature="validationCheckoutFields()[pri:0, instance:tests.CheckoutFieldsValidation@6d3c232f]" started-at="2019-08-11T10:07:42Z" name="validationCheckoutFields" finished-at="2019-08-11T10:07:52Z" duration-ms="9836" status="PASS">
          <reporter-output>
          </reporter-output>
        </test-method> <!-- validationCheckoutFields -->
        <test-method is-config="true" signature="attachScreenshot()[pri:0, instance:tests.CheckoutFieldsValidation@6d3c232f]" started-at="2019-08-11T10:07:52Z" name="attachScreenshot" finished-at="2019-08-11T10:07:52Z" duration-ms="470" status="PASS">
          <reporter-output>
          </reporter-output>
        </test-method> <!-- attachScreenshot -->
        <test-method is-config="true" signature="closeApp()[pri:0, instance:tests.CheckoutFieldsValidation@6d3c232f]" started-at="2019-08-11T10:07:52Z" name="closeApp" finished-at="2019-08-11T10:07:52Z" duration-ms="85" status="PASS">
          <reporter-output>
          </reporter-output>
        </test-method> <!-- closeApp -->
      </class> <!-- tests.CheckoutFieldsValidation -->
      <class name="tests.CheckoutWithOneProduct">
        <test-method signature="testUserIsAbleToPlaceOrderWithOneProduct()[pri:0, instance:tests.CheckoutWithOneProduct@dffa30b]" started-at="2019-08-11T10:07:23Z" name="testUserIsAbleToPlaceOrderWithOneProduct" finished-at="2019-08-11T10:07:33Z" duration-ms="10446" status="PASS">
          <reporter-output>
          </reporter-output>
        </test-method> <!-- testUserIsAbleToPlaceOrderWithOneProduct -->
        <test-method is-config="true" signature="attachScreenshot()[pri:0, instance:tests.CheckoutWithOneProduct@dffa30b]" started-at="2019-08-11T10:07:33Z" name="attachScreenshot" finished-at="2019-08-11T10:07:34Z" duration-ms="466" status="PASS">
          <reporter-output>
          </reporter-output>
        </test-method> <!-- attachScreenshot -->
        <test-method is-config="true" signature="closeApp()[pri:0, instance:tests.CheckoutWithOneProduct@dffa30b]" started-at="2019-08-11T10:07:34Z" name="closeApp" finished-at="2019-08-11T10:07:34Z" duration-ms="89" status="PASS">
          <reporter-output>
          </reporter-output>
        </test-method> <!-- closeApp -->
      </class> <!-- tests.CheckoutWithOneProduct -->
      <class name="tests.CheckoutWithThreeProducts">
        <test-method signature="testUserIsAbleToPlaceOrderWithThreeProducts()[pri:0, instance:tests.CheckoutWithThreeProducts@4d8126f]" started-at="2019-08-11T10:07:34Z" name="testUserIsAbleToPlaceOrderWithThreeProducts" finished-at="2019-08-11T10:07:41Z" duration-ms="7407" status="PASS">
          <reporter-output>
          </reporter-output>
        </test-method> <!-- testUserIsAbleToPlaceOrderWithThreeProducts -->
        <test-method is-config="true" signature="attachScreenshot()[pri:0, instance:tests.CheckoutWithThreeProducts@4d8126f]" started-at="2019-08-11T10:07:41Z" name="attachScreenshot" finished-at="2019-08-11T10:07:42Z" duration-ms="469" status="PASS">
          <reporter-output>
          </reporter-output>
        </test-method> <!-- attachScreenshot -->
        <test-method is-config="true" signature="closeApp()[pri:0, instance:tests.CheckoutWithThreeProducts@4d8126f]" started-at="2019-08-11T10:07:42Z" name="closeApp" finished-at="2019-08-11T10:07:42Z" duration-ms="89" status="PASS">
          <reporter-output>
          </reporter-output>
        </test-method> <!-- closeApp -->
      </class> <!-- tests.CheckoutWithThreeProducts -->
    </test> <!-- Checkout -->
    <test started-at="2019-08-11T10:07:52Z" name="User is able to logout from Checkout page" finished-at="2019-08-11T10:08:00Z" duration-ms="7860">
      <class name="tests.LogoutFromCheckoutPage">
        <test-method signature="testUserIsAbleToLogOutFromCheckoutPage()[pri:0, instance:tests.LogoutFromCheckoutPage@5cf87cfd]" started-at="2019-08-11T10:07:52Z" name="testUserIsAbleToLogOutFromCheckoutPage" finished-at="2019-08-11T10:08:00Z" duration-ms="7331" status="PASS">
          <reporter-output>
          </reporter-output>
        </test-method> <!-- testUserIsAbleToLogOutFromCheckoutPage -->
        <test-method is-config="true" signature="attachScreenshot()[pri:0, instance:tests.LogoutFromCheckoutPage@5cf87cfd]" started-at="2019-08-11T10:08:00Z" name="attachScreenshot" finished-at="2019-08-11T10:08:00Z" duration-ms="431" status="PASS">
          <reporter-output>
          </reporter-output>
        </test-method> <!-- attachScreenshot -->
        <test-method is-config="true" signature="closeApp()[pri:0, instance:tests.LogoutFromCheckoutPage@5cf87cfd]" started-at="2019-08-11T10:08:00Z" name="closeApp" finished-at="2019-08-11T10:08:00Z" duration-ms="97" status="PASS">
          <reporter-output>
          </reporter-output>
        </test-method> <!-- closeApp -->
      </class> <!-- tests.LogoutFromCheckoutPage -->
    </test> <!-- User is able to logout from Checkout page -->
    <test started-at="2019-08-11T10:08:00Z" name="Sorting Products" finished-at="2019-08-11T10:08:35Z" duration-ms="35222">
      <class name="tests.SortByNamesDesc">
        <test-method signature="testProductsAreSortedByAsc()[pri:0, instance:tests.SortByNamesDesc@6c37bd27]" started-at="2019-08-11T10:08:10Z" name="testProductsAreSortedByAsc" finished-at="2019-08-11T10:08:23Z" duration-ms="12774" status="PASS">
          <reporter-output>
          </reporter-output>
        </test-method> <!-- testProductsAreSortedByAsc -->
        <test-method is-config="true" signature="attachScreenshot()[pri:0, instance:tests.SortByNamesDesc@6c37bd27]" started-at="2019-08-11T10:08:23Z" name="attachScreenshot" finished-at="2019-08-11T10:08:23Z" duration-ms="623" status="PASS">
          <reporter-output>
          </reporter-output>
        </test-method> <!-- attachScreenshot -->
        <test-method is-config="true" signature="closeApp()[pri:0, instance:tests.SortByNamesDesc@6c37bd27]" started-at="2019-08-11T10:08:23Z" name="closeApp" finished-at="2019-08-11T10:08:23Z" duration-ms="81" status="PASS">
          <reporter-output>
          </reporter-output>
        </test-method> <!-- closeApp -->
      </class> <!-- tests.SortByNamesDesc -->
      <class name="tests.SortByPriceDesc">
        <test-method signature="testSortByPriceAsc()[pri:0, instance:tests.SortByPriceDesc@30331109]" started-at="2019-08-11T10:08:29Z" name="testSortByPriceAsc" finished-at="2019-08-11T10:08:35Z" duration-ms="5547" status="PASS">
          <reporter-output>
          </reporter-output>
        </test-method> <!-- testSortByPriceAsc -->
        <test-method is-config="true" signature="attachScreenshot()[pri:0, instance:tests.SortByPriceDesc@30331109]" started-at="2019-08-11T10:08:35Z" name="attachScreenshot" finished-at="2019-08-11T10:08:35Z" duration-ms="621" status="PASS">
          <reporter-output>
          </reporter-output>
        </test-method> <!-- attachScreenshot -->
        <test-method is-config="true" signature="closeApp()[pri:0, instance:tests.SortByPriceDesc@30331109]" started-at="2019-08-11T10:08:35Z" name="closeApp" finished-at="2019-08-11T10:08:35Z" duration-ms="90" status="PASS">
          <reporter-output>
          </reporter-output>
        </test-method> <!-- closeApp -->
      </class> <!-- tests.SortByPriceDesc -->
      <class name="tests.SortByNamesAsc">
        <test-method signature="testProductsAreSortedByAsc()[pri:0, instance:tests.SortByNamesAsc@7a24eb3]" started-at="2019-08-11T10:08:00Z" name="testProductsAreSortedByAsc" finished-at="2019-08-11T10:08:09Z" duration-ms="8942" status="PASS">
          <reporter-output>
          </reporter-output>
        </test-method> <!-- testProductsAreSortedByAsc -->
        <test-method is-config="true" signature="attachScreenshot()[pri:0, instance:tests.SortByNamesAsc@7a24eb3]" started-at="2019-08-11T10:08:09Z" name="attachScreenshot" finished-at="2019-08-11T10:08:10Z" duration-ms="622" status="PASS">
          <reporter-output>
          </reporter-output>
        </test-method> <!-- attachScreenshot -->
        <test-method is-config="true" signature="closeApp()[pri:0, instance:tests.SortByNamesAsc@7a24eb3]" started-at="2019-08-11T10:08:10Z" name="closeApp" finished-at="2019-08-11T10:08:10Z" duration-ms="82" status="PASS">
          <reporter-output>
          </reporter-output>
        </test-method> <!-- closeApp -->
      </class> <!-- tests.SortByNamesAsc -->
      <class name="tests.SortByPriceAsc">
        <test-method signature="testSortByPriceAsc()[pri:0, instance:tests.SortByPriceAsc@25d3cfc8]" started-at="2019-08-11T10:08:23Z" name="testSortByPriceAsc" finished-at="2019-08-11T10:08:28Z" duration-ms="5061" status="PASS">
          <reporter-output>
          </reporter-output>
        </test-method> <!-- testSortByPriceAsc -->
        <test-method is-config="true" signature="attachScreenshot()[pri:0, instance:tests.SortByPriceAsc@25d3cfc8]" started-at="2019-08-11T10:08:28Z" name="attachScreenshot" finished-at="2019-08-11T10:08:29Z" duration-ms="656" status="PASS">
          <reporter-output>
          </reporter-output>
        </test-method> <!-- attachScreenshot -->
        <test-method is-config="true" signature="closeApp()[pri:0, instance:tests.SortByPriceAsc@25d3cfc8]" started-at="2019-08-11T10:08:29Z" name="closeApp" finished-at="2019-08-11T10:08:29Z" duration-ms="87" status="PASS">
          <reporter-output>
          </reporter-output>
        </test-method> <!-- closeApp -->
      </class> <!-- tests.SortByPriceAsc -->
    </test> <!-- Sorting Products -->
  </suite> <!-- smoke -->
</testng-results>
