<?xml version="1.0" encoding="UTF-8"?>
<testng-results ignored="0" total="15" passed="15" failed="0" skipped="0">
  <reporter-output>
  </reporter-output>
  <suite started-at="2019-08-09T22:33:01Z" name="smoke" finished-at="2019-08-09T22:34:20Z" duration-ms="78835">
    <groups>
    </groups>
    <test started-at="2019-08-09T22:33:01Z" name="Success Login" finished-at="2019-08-09T22:33:08Z" duration-ms="6596">
      <class name="tests.LoginTest">
        <test-method signature="testUserIsAbleToLoginIntoApp()[pri:0, instance:tests.LoginTest@6b1e7ad3]" started-at="2019-08-09T22:33:01Z" name="testUserIsAbleToLoginIntoApp" finished-at="2019-08-09T22:33:07Z" duration-ms="5740" status="PASS">
          <reporter-output>
          </reporter-output>
        </test-method> <!-- testUserIsAbleToLoginIntoApp -->
        <test-method is-config="true" signature="attachScreenshot()[pri:0, instance:tests.LoginTest@6b1e7ad3]" started-at="2019-08-09T22:33:07Z" name="attachScreenshot" finished-at="2019-08-09T22:33:08Z" duration-ms="660" status="PASS">
          <reporter-output>
          </reporter-output>
        </test-method> <!-- attachScreenshot -->
        <test-method is-config="true" signature="closeApp()[pri:0, instance:tests.LoginTest@6b1e7ad3]" started-at="2019-08-09T22:33:08Z" name="closeApp" finished-at="2019-08-09T22:33:08Z" duration-ms="80" status="PASS">
          <reporter-output>
          </reporter-output>
        </test-method> <!-- closeApp -->
      </class> <!-- tests.LoginTest -->
    </test> <!-- Success Login -->
    <test started-at="2019-08-09T22:33:08Z" name="Login_Negative scenarios" finished-at="2019-08-09T22:33:23Z" duration-ms="14796">
      <class name="tests.LoginTestNegative_2">
        <test-method signature="testUserIsNotAbleToLoginWithoutPassword()[pri:0, instance:tests.LoginTestNegative_2@4443ef6f]" started-at="2019-08-09T22:33:11Z" name="testUserIsNotAbleToLoginWithoutPassword" finished-at="2019-08-09T22:33:13Z" duration-ms="2413" status="PASS">
          <reporter-output>
          </reporter-output>
        </test-method> <!-- testUserIsNotAbleToLoginWithoutPassword -->
        <test-method is-config="true" signature="attachScreenshot()[pri:0, instance:tests.LoginTestNegative_2@4443ef6f]" started-at="2019-08-09T22:33:13Z" name="attachScreenshot" finished-at="2019-08-09T22:33:14Z" duration-ms="432" status="PASS">
          <reporter-output>
          </reporter-output>
        </test-method> <!-- attachScreenshot -->
        <test-method is-config="true" signature="closeApp()[pri:0, instance:tests.LoginTestNegative_2@4443ef6f]" started-at="2019-08-09T22:33:14Z" name="closeApp" finished-at="2019-08-09T22:33:14Z" duration-ms="85" status="PASS">
          <reporter-output>
          </reporter-output>
        </test-method> <!-- closeApp -->
      </class> <!-- tests.LoginTestNegative_2 -->
      <class name="tests.LoginTestNegative_3">
        <test-method signature="testUserIsNotAbleToLoginWithoutUsername()[pri:0, instance:tests.LoginTestNegative_3@7e46d648]" started-at="2019-08-09T22:33:14Z" name="testUserIsNotAbleToLoginWithoutUsername" finished-at="2019-08-09T22:33:16Z" duration-ms="2411" status="PASS">
          <reporter-output>
          </reporter-output>
        </test-method> <!-- testUserIsNotAbleToLoginWithoutUsername -->
        <test-method is-config="true" signature="attachScreenshot()[pri:0, instance:tests.LoginTestNegative_3@7e46d648]" started-at="2019-08-09T22:33:16Z" name="attachScreenshot" finished-at="2019-08-09T22:33:16Z" duration-ms="440" status="PASS">
          <reporter-output>
          </reporter-output>
        </test-method> <!-- attachScreenshot -->
        <test-method is-config="true" signature="closeApp()[pri:0, instance:tests.LoginTestNegative_3@7e46d648]" started-at="2019-08-09T22:33:16Z" name="closeApp" finished-at="2019-08-09T22:33:17Z" duration-ms="81" status="PASS">
          <reporter-output>
          </reporter-output>
        </test-method> <!-- closeApp -->
      </class> <!-- tests.LoginTestNegative_3 -->
      <class name="tests.LoginTestNegative_1">
        <test-method signature="testUserIsNotAbleToLoginWithoutUsernameAndPassword()[pri:0, instance:tests.LoginTestNegative_1@3af356f]" started-at="2019-08-09T22:33:08Z" name="testUserIsNotAbleToLoginWithoutUsernameAndPassword" finished-at="2019-08-09T22:33:10Z" duration-ms="2384" status="PASS">
          <reporter-output>
          </reporter-output>
        </test-method> <!-- testUserIsNotAbleToLoginWithoutUsernameAndPassword -->
        <test-method is-config="true" signature="attachScreenshot()[pri:0, instance:tests.LoginTestNegative_1@3af356f]" started-at="2019-08-09T22:33:10Z" name="attachScreenshot" finished-at="2019-08-09T22:33:11Z" duration-ms="436" status="PASS">
          <reporter-output>
          </reporter-output>
        </test-method> <!-- attachScreenshot -->
        <test-method is-config="true" signature="closeApp()[pri:0, instance:tests.LoginTestNegative_1@3af356f]" started-at="2019-08-09T22:33:11Z" name="closeApp" finished-at="2019-08-09T22:33:11Z" duration-ms="81" status="PASS">
          <reporter-output>
          </reporter-output>
        </test-method> <!-- closeApp -->
      </class> <!-- tests.LoginTestNegative_1 -->
      <class name="tests.LoginTestNegative_4">
        <test-method signature="testLockedUserIsNotAbleToLogin()[pri:0, instance:tests.LoginTestNegative_4@51751e5f]" started-at="2019-08-09T22:33:17Z" name="testLockedUserIsNotAbleToLogin" finished-at="2019-08-09T22:33:19Z" duration-ms="2475" status="PASS">
          <reporter-output>
          </reporter-output>
        </test-method> <!-- testLockedUserIsNotAbleToLogin -->
        <test-method is-config="true" signature="attachScreenshot()[pri:0, instance:tests.LoginTestNegative_4@51751e5f]" started-at="2019-08-09T22:33:19Z" name="attachScreenshot" finished-at="2019-08-09T22:33:19Z" duration-ms="433" status="PASS">
          <reporter-output>
          </reporter-output>
        </test-method> <!-- attachScreenshot -->
        <test-method is-config="true" signature="closeApp()[pri:0, instance:tests.LoginTestNegative_4@51751e5f]" started-at="2019-08-09T22:33:19Z" name="closeApp" finished-at="2019-08-09T22:33:20Z" duration-ms="85" status="PASS">
          <reporter-output>
          </reporter-output>
        </test-method> <!-- closeApp -->
      </class> <!-- tests.LoginTestNegative_4 -->
      <class name="tests.LoginTestNegative_5">
        <test-method signature="testUserIsNotAbleToLoginIntoAppWithWrongCredentials()[pri:0, instance:tests.LoginTestNegative_5@2b0b4d53]" started-at="2019-08-09T22:33:20Z" name="testUserIsNotAbleToLoginIntoAppWithWrongCredentials" finished-at="2019-08-09T22:33:22Z" duration-ms="2484" status="PASS">
          <reporter-output>
          </reporter-output>
        </test-method> <!-- testUserIsNotAbleToLoginIntoAppWithWrongCredentials -->
        <test-method is-config="true" signature="attachScreenshot()[pri:0, instance:tests.LoginTestNegative_5@2b0b4d53]" started-at="2019-08-09T22:33:22Z" name="attachScreenshot" finished-at="2019-08-09T22:33:22Z" duration-ms="432" status="PASS">
          <reporter-output>
          </reporter-output>
        </test-method> <!-- attachScreenshot -->
        <test-method is-config="true" signature="closeApp()[pri:0, instance:tests.LoginTestNegative_5@2b0b4d53]" started-at="2019-08-09T22:33:22Z" name="closeApp" finished-at="2019-08-09T22:33:23Z" duration-ms="81" status="PASS">
          <reporter-output>
          </reporter-output>
        </test-method> <!-- closeApp -->
      </class> <!-- tests.LoginTestNegative_5 -->
    </test> <!-- Login_Negative scenarios -->
    <test started-at="2019-08-09T22:33:23Z" name="Logout" finished-at="2019-08-09T22:33:29Z" duration-ms="6093">
      <class name="tests.LogOutTest">
        <test-method signature="testUserIsAbleToLogOutFromTheApp()[pri:0, instance:tests.LogOutTest@6fca2a8f]" started-at="2019-08-09T22:33:23Z" name="testUserIsAbleToLogOutFromTheApp" finished-at="2019-08-09T22:33:28Z" duration-ms="5556" status="PASS">
          <reporter-output>
          </reporter-output>
        </test-method> <!-- testUserIsAbleToLogOutFromTheApp -->
        <test-method is-config="true" signature="attachScreenshot()[pri:0, instance:tests.LogOutTest@6fca2a8f]" started-at="2019-08-09T22:33:28Z" name="attachScreenshot" finished-at="2019-08-09T22:33:29Z" duration-ms="449" status="PASS">
          <reporter-output>
          </reporter-output>
        </test-method> <!-- attachScreenshot -->
        <test-method is-config="true" signature="closeApp()[pri:0, instance:tests.LogOutTest@6fca2a8f]" started-at="2019-08-09T22:33:29Z" name="closeApp" finished-at="2019-08-09T22:33:29Z" duration-ms="87" status="PASS">
          <reporter-output>
          </reporter-output>
        </test-method> <!-- closeApp -->
      </class> <!-- tests.LogOutTest -->
    </test> <!-- Logout -->
    <test started-at="2019-08-09T22:33:29Z" name="Adding products to the Cart" finished-at="2019-08-09T22:33:34Z" duration-ms="5729">
      <class name="tests.AddProductToTheCart">
        <test-method signature="testUserIsAbleToAddProductToCart()[pri:0, instance:tests.AddProductToTheCart@61a91912]" started-at="2019-08-09T22:33:29Z" name="testUserIsAbleToAddProductToCart" finished-at="2019-08-09T22:33:34Z" duration-ms="5183" status="PASS">
          <reporter-output>
          </reporter-output>
        </test-method> <!-- testUserIsAbleToAddProductToCart -->
        <test-method is-config="true" signature="attachScreenshot()[pri:0, instance:tests.AddProductToTheCart@61a91912]" started-at="2019-08-09T22:33:34Z" name="attachScreenshot" finished-at="2019-08-09T22:33:34Z" duration-ms="454" status="PASS">
          <reporter-output>
          </reporter-output>
        </test-method> <!-- attachScreenshot -->
        <test-method is-config="true" signature="closeApp()[pri:0, instance:tests.AddProductToTheCart@61a91912]" started-at="2019-08-09T22:33:34Z" name="closeApp" finished-at="2019-08-09T22:33:34Z" duration-ms="90" status="PASS">
          <reporter-output>
          </reporter-output>
        </test-method> <!-- closeApp -->
      </class> <!-- tests.AddProductToTheCart -->
    </test> <!-- Adding products to the Cart -->
    <test started-at="2019-08-09T22:33:34Z" name="Checkout" finished-at="2019-08-09T22:33:57Z" duration-ms="22150">
      <class name="tests.CheckoutFieldsValidation">
        <test-method signature="validationCheckoutFields()[pri:0, instance:tests.CheckoutFieldsValidation@5116ac09]" started-at="2019-08-09T22:33:48Z" name="validationCheckoutFields" finished-at="2019-08-09T22:33:56Z" duration-ms="8126" status="PASS">
          <reporter-output>
          </reporter-output>
        </test-method> <!-- validationCheckoutFields -->
        <test-method is-config="true" signature="attachScreenshot()[pri:0, instance:tests.CheckoutFieldsValidation@5116ac09]" started-at="2019-08-09T22:33:56Z" name="attachScreenshot" finished-at="2019-08-09T22:33:56Z" duration-ms="479" status="PASS">
          <reporter-output>
          </reporter-output>
        </test-method> <!-- attachScreenshot -->
        <test-method is-config="true" signature="closeApp()[pri:0, instance:tests.CheckoutFieldsValidation@5116ac09]" started-at="2019-08-09T22:33:56Z" name="closeApp" finished-at="2019-08-09T22:33:57Z" duration-ms="85" status="PASS">
          <reporter-output>
          </reporter-output>
        </test-method> <!-- closeApp -->
      </class> <!-- tests.CheckoutFieldsValidation -->
      <class name="tests.CheckoutWithOneProduct">
        <test-method signature="testUserIsAbleToPlaceOrderWithOneProduct()[pri:0, instance:tests.CheckoutWithOneProduct@6f8e0cee]" started-at="2019-08-09T22:33:34Z" name="testUserIsAbleToPlaceOrderWithOneProduct" finished-at="2019-08-09T22:33:41Z" duration-ms="6215" status="PASS">
          <reporter-output>
          </reporter-output>
        </test-method> <!-- testUserIsAbleToPlaceOrderWithOneProduct -->
        <test-method is-config="true" signature="attachScreenshot()[pri:0, instance:tests.CheckoutWithOneProduct@6f8e0cee]" started-at="2019-08-09T22:33:41Z" name="attachScreenshot" finished-at="2019-08-09T22:33:41Z" duration-ms="512" status="PASS">
          <reporter-output>
          </reporter-output>
        </test-method> <!-- attachScreenshot -->
        <test-method is-config="true" signature="closeApp()[pri:0, instance:tests.CheckoutWithOneProduct@6f8e0cee]" started-at="2019-08-09T22:33:41Z" name="closeApp" finished-at="2019-08-09T22:33:41Z" duration-ms="84" status="PASS">
          <reporter-output>
          </reporter-output>
        </test-method> <!-- closeApp -->
      </class> <!-- tests.CheckoutWithOneProduct -->
      <class name="tests.CheckoutWithThreeProducts">
        <test-method signature="testUserIsAbleToPlaceOrderWithThreeProducts()[pri:0, instance:tests.CheckoutWithThreeProducts@614aeccc]" started-at="2019-08-09T22:33:41Z" name="testUserIsAbleToPlaceOrderWithThreeProducts" finished-at="2019-08-09T22:33:47Z" duration-ms="6054" status="PASS">
          <reporter-output>
          </reporter-output>
        </test-method> <!-- testUserIsAbleToPlaceOrderWithThreeProducts -->
        <test-method is-config="true" signature="attachScreenshot()[pri:0, instance:tests.CheckoutWithThreeProducts@614aeccc]" started-at="2019-08-09T22:33:47Z" name="attachScreenshot" finished-at="2019-08-09T22:33:48Z" duration-ms="490" status="PASS">
          <reporter-output>
          </reporter-output>
        </test-method> <!-- attachScreenshot -->
        <test-method is-config="true" signature="closeApp()[pri:0, instance:tests.CheckoutWithThreeProducts@614aeccc]" started-at="2019-08-09T22:33:48Z" name="closeApp" finished-at="2019-08-09T22:33:48Z" duration-ms="94" status="PASS">
          <reporter-output>
          </reporter-output>
        </test-method> <!-- closeApp -->
      </class> <!-- tests.CheckoutWithThreeProducts -->
    </test> <!-- Checkout -->
    <test started-at="2019-08-09T22:33:57Z" name="Sorting Products" finished-at="2019-08-09T22:34:20Z" duration-ms="23404">
      <class name="tests.SortByNamesDesc">
        <test-method signature="testProductsAreSortedByAsc()[pri:0, instance:tests.SortByNamesDesc@6d4a65c6]" started-at="2019-08-09T22:34:03Z" name="testProductsAreSortedByAsc" finished-at="2019-08-09T22:34:08Z" duration-ms="5086" status="PASS">
          <reporter-output>
          </reporter-output>
        </test-method> <!-- testProductsAreSortedByAsc -->
        <test-method is-config="true" signature="attachScreenshot()[pri:0, instance:tests.SortByNamesDesc@6d4a65c6]" started-at="2019-08-09T22:34:08Z" name="attachScreenshot" finished-at="2019-08-09T22:34:08Z" duration-ms="656" status="PASS">
          <reporter-output>
          </reporter-output>
        </test-method> <!-- attachScreenshot -->
        <test-method is-config="true" signature="closeApp()[pri:0, instance:tests.SortByNamesDesc@6d4a65c6]" started-at="2019-08-09T22:34:08Z" name="closeApp" finished-at="2019-08-09T22:34:09Z" duration-ms="84" status="PASS">
          <reporter-output>
          </reporter-output>
        </test-method> <!-- closeApp -->
      </class> <!-- tests.SortByNamesDesc -->
      <class name="tests.SortByPriceDesc">
        <test-method signature="testSortByPriceAsc()[pri:0, instance:tests.SortByPriceDesc@4c98a6d5]" started-at="2019-08-09T22:34:14Z" name="testSortByPriceAsc" finished-at="2019-08-09T22:34:19Z" duration-ms="4935" status="PASS">
          <reporter-output>
          </reporter-output>
        </test-method> <!-- testSortByPriceAsc -->
        <test-method is-config="true" signature="attachScreenshot()[pri:0, instance:tests.SortByPriceDesc@4c98a6d5]" started-at="2019-08-09T22:34:19Z" name="attachScreenshot" finished-at="2019-08-09T22:34:20Z" duration-ms="637" status="PASS">
          <reporter-output>
          </reporter-output>
        </test-method> <!-- attachScreenshot -->
        <test-method is-config="true" signature="closeApp()[pri:0, instance:tests.SortByPriceDesc@4c98a6d5]" started-at="2019-08-09T22:34:20Z" name="closeApp" finished-at="2019-08-09T22:34:20Z" duration-ms="87" status="PASS">
          <reporter-output>
          </reporter-output>
        </test-method> <!-- closeApp -->
      </class> <!-- tests.SortByPriceDesc -->
      <class name="tests.SortByNamesAsc">
        <test-method signature="testProductsAreSortedByAsc()[pri:0, instance:tests.SortByNamesAsc@5965844d]" started-at="2019-08-09T22:33:57Z" name="testProductsAreSortedByAsc" finished-at="2019-08-09T22:34:02Z" duration-ms="5438" status="PASS">
          <reporter-output>
          </reporter-output>
        </test-method> <!-- testProductsAreSortedByAsc -->
        <test-method is-config="true" signature="attachScreenshot()[pri:0, instance:tests.SortByNamesAsc@5965844d]" started-at="2019-08-09T22:34:02Z" name="attachScreenshot" finished-at="2019-08-09T22:34:03Z" duration-ms="600" status="PASS">
          <reporter-output>
          </reporter-output>
        </test-method> <!-- attachScreenshot -->
        <test-method is-config="true" signature="closeApp()[pri:0, instance:tests.SortByNamesAsc@5965844d]" started-at="2019-08-09T22:34:03Z" name="closeApp" finished-at="2019-08-09T22:34:03Z" duration-ms="82" status="PASS">
          <reporter-output>
          </reporter-output>
        </test-method> <!-- closeApp -->
      </class> <!-- tests.SortByNamesAsc -->
      <class name="tests.SortByPriceAsc">
        <test-method signature="testSortByPriceAsc()[pri:0, instance:tests.SortByPriceAsc@aa004a0]" started-at="2019-08-09T22:34:09Z" name="testSortByPriceAsc" finished-at="2019-08-09T22:34:14Z" duration-ms="5074" status="PASS">
          <reporter-output>
          </reporter-output>
        </test-method> <!-- testSortByPriceAsc -->
        <test-method is-config="true" signature="attachScreenshot()[pri:0, instance:tests.SortByPriceAsc@aa004a0]" started-at="2019-08-09T22:34:14Z" name="attachScreenshot" finished-at="2019-08-09T22:34:14Z" duration-ms="629" status="PASS">
          <reporter-output>
          </reporter-output>
        </test-method> <!-- attachScreenshot -->
        <test-method is-config="true" signature="closeApp()[pri:0, instance:tests.SortByPriceAsc@aa004a0]" started-at="2019-08-09T22:34:14Z" name="closeApp" finished-at="2019-08-09T22:34:14Z" duration-ms="89" status="PASS">
          <reporter-output>
          </reporter-output>
        </test-method> <!-- closeApp -->
      </class> <!-- tests.SortByPriceAsc -->
    </test> <!-- Sorting Products -->
  </suite> <!-- smoke -->
</testng-results>
