<?xml version="1.0" encoding="UTF-8"?>
<testng-results ignored="0" total="1" passed="1" failed="0" skipped="0">
  <reporter-output>
  </reporter-output>
  <suite started-at="2019-08-05T09:50:54Z" name="Default suite" finished-at="2019-08-05T09:50:58Z" duration-ms="3986">
    <groups>
    </groups>
    <test started-at="2019-08-05T09:50:54Z" name="Default test" finished-at="2019-08-05T09:50:58Z" duration-ms="3986">
      <class name="tests.LoginTestNegative_1">
        <test-method signature="testUserIsNotAbleToLoginWithoutUsernameAndPassword()[pri:0, instance:tests.LoginTestNegative_1@336365bc]" started-at="2019-08-05T09:50:54Z" name="testUserIsNotAbleToLoginWithoutUsernameAndPassword" finished-at="2019-08-05T09:50:57Z" duration-ms="3289" status="PASS">
          <reporter-output>
          </reporter-output>
        </test-method> <!-- testUserIsNotAbleToLoginWithoutUsernameAndPassword -->
        <test-method is-config="true" signature="attachScreenshot()[pri:0, instance:tests.LoginTestNegative_1@336365bc]" started-at="2019-08-05T09:50:57Z" name="attachScreenshot" finished-at="2019-08-05T09:50:58Z" duration-ms="492" status="PASS">
          <reporter-output>
          </reporter-output>
        </test-method> <!-- attachScreenshot -->
        <test-method is-config="true" signature="closeApp()[pri:0, instance:tests.LoginTestNegative_1@336365bc]" started-at="2019-08-05T09:50:58Z" name="closeApp" finished-at="2019-08-05T09:50:58Z" duration-ms="88" status="PASS">
          <reporter-output>
          </reporter-output>
        </test-method> <!-- closeApp -->
      </class> <!-- tests.LoginTestNegative_1 -->
    </test> <!-- Default test -->
  </suite> <!-- Default suite -->
</testng-results>
