<?xml version="1.0" encoding="UTF-8"?>
<!-- Generated by org.testng.reporters.JUnitXMLReporter -->
<testsuite ignored="0" hostname="MacBook-Pro-Natalie.local" failures="0" tests="3" name="Checkout" time="44.618" errors="0" timestamp="11 серп. 2019 09:10:20 GMT">
  <testcase classname="tests.CheckoutWithOneProduct" name="testUserIsAbleToPlaceOrderWithOneProduct" time="15.419"/>
  <testcase classname="tests.CheckoutWithThreeProducts" name="testUserIsAbleToPlaceOrderWithThreeProducts" time="10.669"/>
  <testcase classname="tests.CheckoutFieldsValidation" name="validationCheckoutFields" time="16.784"/>
</testsuite> <!-- Checkout -->
