<?xml version="1.0" encoding="UTF-8"?>
<!-- Generated by org.testng.reporters.JUnitXMLReporter -->
<testsuite ignored="0" hostname="MacBook-Pro-Natalie.local" failures="0" tests="5" name="Login_Negative scenarios" time="18.404" errors="0" timestamp="11 серп. 2019 09:09:25 GMT">
  <testcase classname="tests.LoginTestNegative_1" name="testUserIsNotAbleToLoginWithoutUsernameAndPassword" time="3.178"/>
  <testcase classname="tests.LoginTestNegative_2" name="testUserIsNotAbleToLoginWithoutPassword" time="4.018"/>
  <testcase classname="tests.LoginTestNegative_3" name="testUserIsNotAbleToLoginWithoutUsername" time="2.807"/>
  <testcase classname="tests.LoginTestNegative_4" name="testLockedUserIsNotAbleToLogin" time="2.922"/>
  <testcase classname="tests.LoginTestNegative_5" name="testUserIsNotAbleToLoginIntoAppWithWrongCredentials" time="2.781"/>
</testsuite> <!-- Login_Negative scenarios -->
