<?xml version="1.0" encoding="UTF-8"?>
<!-- Generated by org.testng.reporters.JUnitXMLReporter -->
<testsuite ignored="0" hostname="MacBook-Pro-Natalie.local" failures="0" tests="4" name="Sorting Products" time="29.332" errors="0" timestamp="11 серп. 2019 09:10:49 GMT">
  <testcase classname="tests.SortByNamesAsc" name="testProductsAreSortedByAsc" time="7.733"/>
  <testcase classname="tests.SortByNamesDesc" name="testProductsAreSortedByAsc" time="8.679"/>
  <testcase classname="tests.SortByPriceAsc" name="testSortByPriceAsc" time="5.45"/>
  <testcase classname="tests.SortByPriceDesc" name="testSortByPriceAsc" time="4.312"/>
</testsuite> <!-- Sorting Products -->
